vitamio-sample/build/outputs/logs/manifest-merger-debug-report.txt
-- Merging decision tree log ---
manifest
ADDED from MobilePlayer\vitamio-sample\AndroidManifest.xml:2:1-76:12
INJECTED from MobilePlayer\vitamio-sample\AndroidManifest.xml:2:1-76:12
INJECTED from MobilePlayer\vitamio-sample\AndroidManifest.xml:2:1-76:12
MERGED from [:vitamio] AndroidManifest.xml:2:1-24:12
INJECTED from MobilePlayer\vitamio-sample\AndroidManifest.xml:2:1-76:12
INJECTED from MobilePlayer\vitamio-sample\AndroidManifest.xml:2:1-76:12
	package
		ADDED from MobilePlayer\vitamio-sample\AndroidManifest.xml:3:5-34
	android:versionName
		ADDED from MobilePlayer\vitamio-sample\AndroidManifest.xml:5:5-32
		INJECTED from MobilePlayer\vitamio-sample\AndroidManifest.xml
		INJECTED from MobilePlayer\vitamio-sample\AndroidManifest.xml
	xmlns:android
		ADDED from MobilePlayer\vitamio-sample\AndroidManifest.xml:2:11-69
	android:versionCode
		ADDED from MobilePlayer\vitamio-sample\AndroidManifest.xml:4:5-30
		INJECTED from MobilePlayer\vitamio-sample\AndroidManifest.xml
		INJECTED from MobilePlayer\vitamio-sample\AndroidManifest.xml
uses-permission#android.permission.WAKE_LOCK
ADDED from MobilePlayer\vitamio-sample\AndroidManifest.xml:8:5-68
MERGED from [:vitamio] AndroidManifest.xml:11:5-68
MERGED from [:vitamio] AndroidManifest.xml:11:5-68
	android:name
		ADDED from MobilePlayer\vitamio-sample\AndroidManifest.xml:8:22-65
uses-permission#android.permission.INTERNET
ADDED from MobilePlayer\vitamio-sample\AndroidManifest.xml:9:5-67
MERGED from [:vitamio] AndroidManifest.xml:12:5-67
MERGED from [:vitamio] AndroidManifest.xml:12:5-67
	android:name
		ADDED from MobilePlayer\vitamio-sample\AndroidManifest.xml:9:22-64
uses-permission#android.permission.ACCESS_NETWORK_STATE
ADDED from MobilePlayer\vitamio-sample\AndroidManifest.xml:10:5-79
MERGED from [:vitamio] AndroidManifest.xml:13:5-79
MERGED from [:vitamio] AndroidManifest.xml:13:5-79
	android:name
		ADDED from MobilePlayer\vitamio-sample\AndroidManifest.xml:10:22-76
uses-permission#android.permission.READ_EXTERNAL_STORAGE
ADDED from MobilePlayer\vitamio-sample\AndroidManifest.xml:11:5-80
	android:name
		ADDED from MobilePlayer\vitamio-sample\AndroidManifest.xml:11:22-77
application
ADDED from MobilePlayer\vitamio-sample\AndroidManifest.xml:13:5-74:19
MERGED from [:vitamio] AndroidManifest.xml:15:5-22:19
MERGED from [:vitamio] AndroidManifest.xml:15:5-22:19
	android:label
		ADDED from MobilePlayer\vitamio-sample\AndroidManifest.xml:16:9-50
	android:icon
		ADDED from MobilePlayer\vitamio-sample\AndroidManifest.xml:15:9-45
	android:allowBackup
		ADDED from MobilePlayer\vitamio-sample\AndroidManifest.xml:14:9-36
activity#io.vov.vitamio.activity.InitActivity
ADDED from MobilePlayer\vitamio-sample\AndroidManifest.xml:19:9-24:63
MERGED from [:vitamio] AndroidManifest.xml:16:9-21:63
MERGED from [:vitamio] AndroidManifest.xml:16:9-21:63
	android:launchMode
		ADDED from MobilePlayer\vitamio-sample\AndroidManifest.xml:22:13-43
	android:windowSoftInputMode
		ADDED from MobilePlayer\vitamio-sample\AndroidManifest.xml:24:13-60
	android:configChanges
		ADDED from MobilePlayer\vitamio-sample\AndroidManifest.xml:21:13-113
	android:theme
		ADDED from MobilePlayer\vitamio-sample\AndroidManifest.xml:23:13-60
	android:name
		ADDED from MobilePlayer\vitamio-sample\AndroidManifest.xml:20:13-64
activity#io.vov.vitamio.demo.VitamioListActivity
ADDED from MobilePlayer\vitamio-sample\AndroidManifest.xml:25:9-32:20
	android:name
		ADDED from MobilePlayer\vitamio-sample\AndroidManifest.xml:25:19-54
intent-filter#action:name:android.intent.action.MAIN+category:name:android.intent.category.DEFAULT+category:name:android.intent.category.LAUNCHER
ADDED from MobilePlayer\vitamio-sample\AndroidManifest.xml:26:13-31:29
action#android.intent.action.MAIN
ADDED from MobilePlayer\vitamio-sample\AndroidManifest.xml:27:17-69
	android:name
		ADDED from MobilePlayer\vitamio-sample\AndroidManifest.xml:27:25-66
category#android.intent.category.DEFAULT
ADDED from MobilePlayer\vitamio-sample\AndroidManifest.xml:29:17-76
	android:name
		ADDED from MobilePlayer\vitamio-sample\AndroidManifest.xml:29:27-73
category#android.intent.category.LAUNCHER
ADDED from MobilePlayer\vitamio-sample\AndroidManifest.xml:30:17-77
	android:name
		ADDED from MobilePlayer\vitamio-sample\AndroidManifest.xml:30:27-74
activity#io.vov.vitamio.demo.MediaPlayerDemo
ADDED from MobilePlayer\vitamio-sample\AndroidManifest.xml:33:9-36:20
	android:label
		ADDED from MobilePlayer\vitamio-sample\AndroidManifest.xml:35:13-46
	android:name
		ADDED from MobilePlayer\vitamio-sample\AndroidManifest.xml:34:13-44
activity#io.vov.vitamio.demo.VideoViewDemo
ADDED from MobilePlayer\vitamio-sample\AndroidManifest.xml:37:9-41:20
	android:label
		ADDED from MobilePlayer\vitamio-sample\AndroidManifest.xml:40:13-44
	android:configChanges
		ADDED from MobilePlayer\vitamio-sample\AndroidManifest.xml:39:13-113
	android:name
		ADDED from MobilePlayer\vitamio-sample\AndroidManifest.xml:38:13-42
activity#io.vov.vitamio.demo.MediaPlayerDemo_Video
ADDED from MobilePlayer\vitamio-sample\AndroidManifest.xml:42:9-45:20
	android:label
		ADDED from MobilePlayer\vitamio-sample\AndroidManifest.xml:44:13-46
	android:name
		ADDED from MobilePlayer\vitamio-sample\AndroidManifest.xml:43:13-50
activity#io.vov.vitamio.demo.MediaPlayerDemo_setSurface
ADDED from MobilePlayer\vitamio-sample\AndroidManifest.xml:46:9-49:20
	android:label
		ADDED from MobilePlayer\vitamio-sample\AndroidManifest.xml:48:13-46
	android:name
		ADDED from MobilePlayer\vitamio-sample\AndroidManifest.xml:47:13-55
activity#io.vov.vitamio.demo.MediaPlayerDemo_Audio
ADDED from MobilePlayer\vitamio-sample\AndroidManifest.xml:50:9-53:20
	android:label
		ADDED from MobilePlayer\vitamio-sample\AndroidManifest.xml:52:13-46
	android:name
		ADDED from MobilePlayer\vitamio-sample\AndroidManifest.xml:51:13-50
activity#io.vov.vitamio.demo.MediaMetadataRetrieverDemo
ADDED from MobilePlayer\vitamio-sample\AndroidManifest.xml:54:9-57:20
	android:label
		ADDED from MobilePlayer\vitamio-sample\AndroidManifest.xml:56:13-48
	android:name
		ADDED from MobilePlayer\vitamio-sample\AndroidManifest.xml:55:13-55
activity#io.vov.vitamio.demo.MediaPlayerSubtitle
ADDED from MobilePlayer\vitamio-sample\AndroidManifest.xml:58:9-61:20
	android:label
		ADDED from MobilePlayer\vitamio-sample\AndroidManifest.xml:60:13-73
	android:name
		ADDED from MobilePlayer\vitamio-sample\AndroidManifest.xml:59:13-48
activity#io.vov.vitamio.demo.VideoViewSubtitle
ADDED from MobilePlayer\vitamio-sample\AndroidManifest.xml:62:9-65:20
	android:label
		ADDED from MobilePlayer\vitamio-sample\AndroidManifest.xml:64:13-71
	android:name
		ADDED from MobilePlayer\vitamio-sample\AndroidManifest.xml:63:13-46
activity#io.vov.vitamio.demo.VideoSubtitleList
ADDED from MobilePlayer\vitamio-sample\AndroidManifest.xml:66:9-69:20
	android:label
		ADDED from MobilePlayer\vitamio-sample\AndroidManifest.xml:68:13-71
	android:name
		ADDED from MobilePlayer\vitamio-sample\AndroidManifest.xml:67:13-46
activity#io.vov.vitamio.demo.VideoViewBuffer
ADDED from MobilePlayer\vitamio-sample\AndroidManifest.xml:70:9-73:20
	android:label
		ADDED from MobilePlayer\vitamio-sample\AndroidManifest.xml:72:13-64
	android:name
		ADDED from MobilePlayer\vitamio-sample\AndroidManifest.xml:71:13-44
uses-sdk
INJECTED from MobilePlayer\vitamio-sample\AndroidManifest.xml reason: use-sdk injection requested
INJECTED from MobilePlayer\vitamio-sample\AndroidManifest.xml
INJECTED from MobilePlayer\vitamio-sample\AndroidManifest.xml
MERGED from [:vitamio] AndroidManifest.xml:7:5-9:41
MERGED from [:vitamio] AndroidManifest.xml:7:5-9:41
INJECTED from MobilePlayer\vitamio-sample\AndroidManifest.xml
INJECTED from MobilePlayer\vitamio-sample\AndroidManifest.xml
	android:targetSdkVersion
		INJECTED from MobilePlayer\vitamio-sample\AndroidManifest.xml
		ADDED from MobilePlayer\vitamio-sample\AndroidManifest.xml
		INJECTED from MobilePlayer\vitamio-sample\AndroidManifest.xml
	android:minSdkVersion
		INJECTED from MobilePlayer\vitamio-sample\AndroidManifest.xml
		ADDED from MobilePlayer\vitamio-sample\AndroidManifest.xml
		INJECTED from MobilePlayer\vitamio-sample\AndroidManifest.xml